{"/Users/lukecheng/Desktop/All Files/ALL SDEV RELATED/SDEV/BAS/Cloud Application/cicd-test/src/calculator.js": {"path":"/Users/lukecheng/Desktop/All Files/ALL SDEV RELATED/SDEV/BAS/Cloud Application/cicd-test/src/calculator.js","all":false,"statementMap":{"0":{"start":{"line":1,"column":0},"end":{"line":1,"column":3}},"1":{"start":{"line":2,"column":0},"end":{"line":2,"column":20}},"2":{"start":{"line":3,"column":0},"end":{"line":3,"column":3}},"3":{"start":{"line":4,"column":0},"end":{"line":4,"column":40}},"4":{"start":{"line":5,"column":0},"end":{"line":5,"column":41}},"5":{"start":{"line":6,"column":0},"end":{"line":6,"column":40}},"6":{"start":{"line":7,"column":0},"end":{"line":7,"column":3}},"7":{"start":{"line":8,"column":0},"end":{"line":8,"column":27}},"8":{"start":{"line":9,"column":0},"end":{"line":9,"column":15}},"9":{"start":{"line":10,"column":0},"end":{"line":10,"column":1}},"10":{"start":{"line":11,"column":0},"end":{"line":11,"column":0}},"11":{"start":{"line":12,"column":0},"end":{"line":12,"column":3}},"12":{"start":{"line":13,"column":0},"end":{"line":13,"column":53}},"13":{"start":{"line":14,"column":0},"end":{"line":14,"column":3}},"14":{"start":{"line":15,"column":0},"end":{"line":15,"column":40}},"15":{"start":{"line":16,"column":0},"end":{"line":16,"column":41}},"16":{"start":{"line":17,"column":0},"end":{"line":17,"column":47}},"17":{"start":{"line":18,"column":0},"end":{"line":18,"column":3}},"18":{"start":{"line":19,"column":0},"end":{"line":19,"column":32}},"19":{"start":{"line":20,"column":0},"end":{"line":20,"column":15}},"20":{"start":{"line":21,"column":0},"end":{"line":21,"column":1}},"21":{"start":{"line":22,"column":0},"end":{"line":22,"column":0}},"22":{"start":{"line":23,"column":0},"end":{"line":23,"column":3}},"23":{"start":{"line":24,"column":0},"end":{"line":24,"column":26}},"24":{"start":{"line":25,"column":0},"end":{"line":25,"column":3}},"25":{"start":{"line":26,"column":0},"end":{"line":26,"column":40}},"26":{"start":{"line":27,"column":0},"end":{"line":27,"column":41}},"27":{"start":{"line":28,"column":0},"end":{"line":28,"column":44}},"28":{"start":{"line":29,"column":0},"end":{"line":29,"column":3}},"29":{"start":{"line":30,"column":0},"end":{"line":30,"column":32}},"30":{"start":{"line":31,"column":0},"end":{"line":31,"column":15}},"31":{"start":{"line":32,"column":0},"end":{"line":32,"column":1}},"32":{"start":{"line":33,"column":0},"end":{"line":33,"column":0}},"33":{"start":{"line":34,"column":0},"end":{"line":34,"column":3}},"34":{"start":{"line":35,"column":0},"end":{"line":35,"column":49}},"35":{"start":{"line":36,"column":0},"end":{"line":36,"column":3}},"36":{"start":{"line":37,"column":0},"end":{"line":37,"column":40}},"37":{"start":{"line":38,"column":0},"end":{"line":38,"column":41}},"38":{"start":{"line":39,"column":0},"end":{"line":39,"column":51}},"39":{"start":{"line":40,"column":0},"end":{"line":40,"column":50}},"40":{"start":{"line":41,"column":0},"end":{"line":41,"column":3}},"41":{"start":{"line":42,"column":0},"end":{"line":42,"column":30}},"42":{"start":{"line":43,"column":0},"end":{"line":43,"column":16}},"43":{"start":{"line":44,"column":0},"end":{"line":44,"column":56}},"44":{"start":{"line":45,"column":0},"end":{"line":45,"column":3}},"45":{"start":{"line":46,"column":0},"end":{"line":46,"column":15}},"46":{"start":{"line":47,"column":0},"end":{"line":47,"column":1}},"47":{"start":{"line":48,"column":0},"end":{"line":48,"column":0}},"48":{"start":{"line":49,"column":0},"end":{"line":49,"column":54}}},"s":{"0":1,"1":1,"2":1,"3":1,"4":1,"5":1,"6":1,"7":1,"8":1,"9":1,"10":1,"11":1,"12":1,"13":1,"14":1,"15":1,"16":1,"17":1,"18":1,"19":1,"20":1,"21":1,"22":1,"23":1,"24":1,"25":1,"26":1,"27":1,"28":1,"29":1,"30":1,"31":1,"32":1,"33":1,"34":1,"35":1,"36":1,"37":1,"38":1,"39":1,"40":1,"41":1,"42":2,"43":1,"44":1,"45":1,"46":2,"47":1,"48":1},"branchMap":{"0":{"type":"branch","line":1,"loc":{"start":{"line":1,"column":0},"end":{"line":49,"column":54}},"locations":[{"start":{"line":1,"column":0},"end":{"line":49,"column":54}}]},"1":{"type":"branch","line":8,"loc":{"start":{"line":8,"column":7},"end":{"line":10,"column":1}},"locations":[{"start":{"line":8,"column":7},"end":{"line":10,"column":1}}]},"2":{"type":"branch","line":19,"loc":{"start":{"line":19,"column":7},"end":{"line":21,"column":1}},"locations":[{"start":{"line":19,"column":7},"end":{"line":21,"column":1}}]},"3":{"type":"branch","line":30,"loc":{"start":{"line":30,"column":7},"end":{"line":32,"column":1}},"locations":[{"start":{"line":30,"column":7},"end":{"line":32,"column":1}}]},"4":{"type":"branch","line":42,"loc":{"start":{"line":42,"column":7},"end":{"line":47,"column":1}},"locations":[{"start":{"line":42,"column":7},"end":{"line":47,"column":1}}]},"5":{"type":"branch","line":43,"loc":{"start":{"line":43,"column":15},"end":{"line":47,"column":0}},"locations":[{"start":{"line":43,"column":15},"end":{"line":47,"column":0}}]}},"b":{"0":[1],"1":[1],"2":[1],"3":[1],"4":[2],"5":[1]},"fnMap":{"0":{"name":"add","decl":{"start":{"line":8,"column":7},"end":{"line":10,"column":1}},"loc":{"start":{"line":8,"column":7},"end":{"line":10,"column":1}},"line":8},"1":{"name":"subtract","decl":{"start":{"line":19,"column":7},"end":{"line":21,"column":1}},"loc":{"start":{"line":19,"column":7},"end":{"line":21,"column":1}},"line":19},"2":{"name":"multiply","decl":{"start":{"line":30,"column":7},"end":{"line":32,"column":1}},"loc":{"start":{"line":30,"column":7},"end":{"line":32,"column":1}},"line":30},"3":{"name":"divide","decl":{"start":{"line":42,"column":7},"end":{"line":47,"column":1}},"loc":{"start":{"line":42,"column":7},"end":{"line":47,"column":1}},"line":42}},"f":{"0":1,"1":1,"2":1,"3":2}}
,"/Users/lukecheng/Desktop/All Files/ALL SDEV RELATED/SDEV/BAS/Cloud Application/cicd-test/src/dataConverter.js": {"path":"/Users/lukecheng/Desktop/All Files/ALL SDEV RELATED/SDEV/BAS/Cloud Application/cicd-test/src/dataConverter.js","all":false,"statementMap":{"0":{"start":{"line":1,"column":0},"end":{"line":1,"column":28}},"1":{"start":{"line":2,"column":0},"end":{"line":2,"column":0}},"2":{"start":{"line":3,"column":0},"end":{"line":3,"column":3}},"3":{"start":{"line":4,"column":0},"end":{"line":4,"column":51}},"4":{"start":{"line":5,"column":0},"end":{"line":5,"column":3}},"5":{"start":{"line":6,"column":0},"end":{"line":6,"column":68}},"6":{"start":{"line":7,"column":0},"end":{"line":7,"column":63}},"7":{"start":{"line":8,"column":0},"end":{"line":8,"column":3}},"8":{"start":{"line":9,"column":0},"end":{"line":9,"column":33}},"9":{"start":{"line":10,"column":0},"end":{"line":10,"column":54}},"10":{"start":{"line":11,"column":0},"end":{"line":11,"column":42}},"11":{"start":{"line":12,"column":0},"end":{"line":12,"column":17}},"12":{"start":{"line":13,"column":0},"end":{"line":13,"column":40}},"13":{"start":{"line":14,"column":0},"end":{"line":14,"column":81}},"14":{"start":{"line":15,"column":0},"end":{"line":15,"column":72}},"15":{"start":{"line":16,"column":0},"end":{"line":16,"column":22}},"16":{"start":{"line":17,"column":0},"end":{"line":17,"column":22}},"17":{"start":{"line":18,"column":0},"end":{"line":18,"column":17}},"18":{"start":{"line":19,"column":0},"end":{"line":19,"column":15}},"19":{"start":{"line":20,"column":0},"end":{"line":20,"column":1}},"20":{"start":{"line":21,"column":0},"end":{"line":21,"column":0}},"21":{"start":{"line":22,"column":0},"end":{"line":22,"column":3}},"22":{"start":{"line":23,"column":0},"end":{"line":23,"column":41}},"23":{"start":{"line":24,"column":0},"end":{"line":24,"column":3}},"24":{"start":{"line":25,"column":0},"end":{"line":25,"column":51}},"25":{"start":{"line":26,"column":0},"end":{"line":26,"column":76}},"26":{"start":{"line":27,"column":0},"end":{"line":27,"column":3}},"27":{"start":{"line":28,"column":0},"end":{"line":28,"column":32}},"28":{"start":{"line":29,"column":0},"end":{"line":29,"column":78}},"29":{"start":{"line":30,"column":0},"end":{"line":30,"column":42}},"30":{"start":{"line":31,"column":0},"end":{"line":31,"column":26}},"31":{"start":{"line":32,"column":0},"end":{"line":32,"column":54}},"32":{"start":{"line":33,"column":0},"end":{"line":33,"column":99}},"33":{"start":{"line":34,"column":0},"end":{"line":34,"column":23}},"34":{"start":{"line":35,"column":0},"end":{"line":35,"column":14}},"35":{"start":{"line":36,"column":0},"end":{"line":36,"column":6}},"36":{"start":{"line":37,"column":0},"end":{"line":37,"column":1}},"37":{"start":{"line":38,"column":0},"end":{"line":38,"column":0}},"38":{"start":{"line":39,"column":0},"end":{"line":39,"column":3}},"39":{"start":{"line":40,"column":0},"end":{"line":40,"column":43}},"40":{"start":{"line":41,"column":0},"end":{"line":41,"column":3}},"41":{"start":{"line":42,"column":0},"end":{"line":42,"column":53}},"42":{"start":{"line":43,"column":0},"end":{"line":43,"column":74}},"43":{"start":{"line":44,"column":0},"end":{"line":44,"column":3}},"44":{"start":{"line":45,"column":0},"end":{"line":45,"column":39}},"45":{"start":{"line":46,"column":0},"end":{"line":46,"column":41}},"46":{"start":{"line":47,"column":0},"end":{"line":47,"column":37}},"47":{"start":{"line":48,"column":0},"end":{"line":48,"column":1}},"48":{"start":{"line":49,"column":0},"end":{"line":49,"column":0}},"49":{"start":{"line":50,"column":0},"end":{"line":50,"column":3}},"50":{"start":{"line":51,"column":0},"end":{"line":51,"column":43}},"51":{"start":{"line":52,"column":0},"end":{"line":52,"column":3}},"52":{"start":{"line":53,"column":0},"end":{"line":53,"column":51}},"53":{"start":{"line":54,"column":0},"end":{"line":54,"column":75}},"54":{"start":{"line":55,"column":0},"end":{"line":55,"column":3}},"55":{"start":{"line":56,"column":0},"end":{"line":56,"column":38}},"56":{"start":{"line":57,"column":0},"end":{"line":57,"column":63}},"57":{"start":{"line":58,"column":0},"end":{"line":58,"column":42}},"58":{"start":{"line":59,"column":0},"end":{"line":59,"column":1}},"59":{"start":{"line":60,"column":0},"end":{"line":60,"column":0}},"60":{"start":{"line":61,"column":0},"end":{"line":61,"column":3}},"61":{"start":{"line":62,"column":0},"end":{"line":62,"column":52}},"62":{"start":{"line":63,"column":0},"end":{"line":63,"column":3}},"63":{"start":{"line":64,"column":0},"end":{"line":64,"column":94}},"64":{"start":{"line":65,"column":0},"end":{"line":65,"column":84}},"65":{"start":{"line":66,"column":0},"end":{"line":66,"column":91}},"66":{"start":{"line":67,"column":0},"end":{"line":67,"column":91}},"67":{"start":{"line":68,"column":0},"end":{"line":68,"column":86}},"68":{"start":{"line":69,"column":0},"end":{"line":69,"column":3}},"69":{"start":{"line":70,"column":0},"end":{"line":70,"column":63}},"70":{"start":{"line":71,"column":0},"end":{"line":71,"column":54}},"71":{"start":{"line":72,"column":0},"end":{"line":72,"column":31}},"72":{"start":{"line":73,"column":0},"end":{"line":73,"column":5}},"73":{"start":{"line":74,"column":0},"end":{"line":74,"column":54}},"74":{"start":{"line":75,"column":0},"end":{"line":75,"column":31}},"75":{"start":{"line":76,"column":0},"end":{"line":76,"column":5}},"76":{"start":{"line":77,"column":0},"end":{"line":77,"column":54}},"77":{"start":{"line":78,"column":0},"end":{"line":78,"column":37}},"78":{"start":{"line":79,"column":0},"end":{"line":79,"column":5}},"79":{"start":{"line":80,"column":0},"end":{"line":80,"column":54}},"80":{"start":{"line":81,"column":0},"end":{"line":81,"column":37}},"81":{"start":{"line":82,"column":0},"end":{"line":82,"column":5}},"82":{"start":{"line":83,"column":0},"end":{"line":83,"column":86}},"83":{"start":{"line":84,"column":0},"end":{"line":84,"column":1}},"84":{"start":{"line":85,"column":0},"end":{"line":85,"column":0}},"85":{"start":{"line":86,"column":0},"end":{"line":86,"column":78}}},"s":{"0":1,"1":1,"2":1,"3":1,"4":1,"5":1,"6":1,"7":1,"8":1,"9":2,"10":2,"11":2,"12":2,"13":2,"14":4,"15":4,"16":2,"17":2,"18":2,"19":2,"20":1,"21":1,"22":1,"23":1,"24":1,"25":1,"26":1,"27":1,"28":2,"29":2,"30":2,"31":4,"32":8,"33":8,"34":4,"35":2,"36":2,"37":1,"38":1,"39":1,"40":1,"41":1,"42":1,"43":1,"44":1,"45":2,"46":2,"47":2,"48":1,"49":1,"50":1,"51":1,"52":1,"53":1,"54":1,"55":1,"56":2,"57":2,"58":2,"59":1,"60":1,"61":1,"62":1,"63":1,"64":1,"65":1,"66":1,"67":1,"68":1,"69":1,"70":5,"71":1,"72":1,"73":5,"74":1,"75":1,"76":5,"77":1,"78":1,"79":5,"80":1,"81":1,"82":1,"83":5,"84":1,"85":1},"branchMap":{"0":{"type":"branch","line":1,"loc":{"start":{"line":1,"column":0},"end":{"line":86,"column":78}},"locations":[{"start":{"line":1,"column":0},"end":{"line":86,"column":78}}]},"1":{"type":"branch","line":9,"loc":{"start":{"line":9,"column":7},"end":{"line":20,"column":1}},"locations":[{"start":{"line":9,"column":7},"end":{"line":20,"column":1}}]},"2":{"type":"branch","line":10,"loc":{"start":{"line":10,"column":45},"end":{"line":10,"column":53}},"locations":[{"start":{"line":10,"column":45},"end":{"line":10,"column":53}}]},"3":{"type":"branch","line":14,"loc":{"start":{"line":14,"column":21},"end":{"line":16,"column":22}},"locations":[{"start":{"line":14,"column":21},"end":{"line":16,"column":22}}]},"4":{"type":"branch","line":14,"loc":{"start":{"line":14,"column":40},"end":{"line":15,"column":42}},"locations":[{"start":{"line":14,"column":40},"end":{"line":15,"column":42}}]},"5":{"type":"branch","line":14,"loc":{"start":{"line":14,"column":75},"end":{"line":14,"column":80}},"locations":[{"start":{"line":14,"column":75},"end":{"line":14,"column":80}}]},"6":{"type":"branch","line":28,"loc":{"start":{"line":28,"column":7},"end":{"line":37,"column":1}},"locations":[{"start":{"line":28,"column":7},"end":{"line":37,"column":1}}]},"7":{"type":"branch","line":29,"loc":{"start":{"line":29,"column":57},"end":{"line":29,"column":76}},"locations":[{"start":{"line":29,"column":57},"end":{"line":29,"column":76}}]},"8":{"type":"branch","line":31,"loc":{"start":{"line":31,"column":20},"end":{"line":35,"column":14}},"locations":[{"start":{"line":31,"column":20},"end":{"line":35,"column":14}}]},"9":{"type":"branch","line":32,"loc":{"start":{"line":32,"column":30},"end":{"line":35,"column":9}},"locations":[{"start":{"line":32,"column":30},"end":{"line":35,"column":9}}]},"10":{"type":"branch","line":45,"loc":{"start":{"line":45,"column":7},"end":{"line":48,"column":1}},"locations":[{"start":{"line":45,"column":7},"end":{"line":48,"column":1}}]},"11":{"type":"branch","line":56,"loc":{"start":{"line":56,"column":7},"end":{"line":59,"column":1}},"locations":[{"start":{"line":56,"column":7},"end":{"line":59,"column":1}}]},"12":{"type":"branch","line":70,"loc":{"start":{"line":70,"column":7},"end":{"line":84,"column":1}},"locations":[{"start":{"line":70,"column":7},"end":{"line":84,"column":1}}]},"13":{"type":"branch","line":71,"loc":{"start":{"line":71,"column":29},"end":{"line":71,"column":51}},"locations":[{"start":{"line":71,"column":29},"end":{"line":71,"column":51}}]},"14":{"type":"branch","line":71,"loc":{"start":{"line":71,"column":53},"end":{"line":73,"column":5}},"locations":[{"start":{"line":71,"column":53},"end":{"line":73,"column":5}}]},"15":{"type":"branch","line":74,"loc":{"start":{"line":74,"column":-1},"end":{"line":74,"column":30}},"locations":[{"start":{"line":74,"column":-1},"end":{"line":74,"column":30}}]},"16":{"type":"branch","line":74,"loc":{"start":{"line":74,"column":30},"end":{"line":74,"column":51}},"locations":[{"start":{"line":74,"column":30},"end":{"line":74,"column":51}}]},"17":{"type":"branch","line":74,"loc":{"start":{"line":74,"column":53},"end":{"line":76,"column":5}},"locations":[{"start":{"line":74,"column":53},"end":{"line":76,"column":5}}]},"18":{"type":"branch","line":77,"loc":{"start":{"line":77,"column":-1},"end":{"line":77,"column":30}},"locations":[{"start":{"line":77,"column":-1},"end":{"line":77,"column":30}}]},"19":{"type":"branch","line":77,"loc":{"start":{"line":77,"column":30},"end":{"line":77,"column":51}},"locations":[{"start":{"line":77,"column":30},"end":{"line":77,"column":51}}]},"20":{"type":"branch","line":77,"loc":{"start":{"line":77,"column":53},"end":{"line":79,"column":5}},"locations":[{"start":{"line":77,"column":53},"end":{"line":79,"column":5}}]},"21":{"type":"branch","line":80,"loc":{"start":{"line":80,"column":-1},"end":{"line":80,"column":29}},"locations":[{"start":{"line":80,"column":-1},"end":{"line":80,"column":29}}]},"22":{"type":"branch","line":80,"loc":{"start":{"line":80,"column":29},"end":{"line":80,"column":51}},"locations":[{"start":{"line":80,"column":29},"end":{"line":80,"column":51}}]},"23":{"type":"branch","line":80,"loc":{"start":{"line":80,"column":53},"end":{"line":84,"column":0}},"locations":[{"start":{"line":80,"column":53},"end":{"line":84,"column":0}}]}},"b":{"0":[1],"1":[2],"2":[0],"3":[4],"4":[8],"5":[0],"6":[2],"7":[6],"8":[4],"9":[8],"10":[2],"11":[2],"12":[5],"13":[1],"14":[1],"15":[4],"16":[2],"17":[1],"18":[3],"19":[1],"20":[1],"21":[2],"22":[1],"23":[1]},"fnMap":{"0":{"name":"jsonToCsv","decl":{"start":{"line":9,"column":7},"end":{"line":20,"column":1}},"loc":{"start":{"line":9,"column":7},"end":{"line":20,"column":1}},"line":9},"1":{"name":"csvToJson","decl":{"start":{"line":28,"column":7},"end":{"line":37,"column":1}},"loc":{"start":{"line":28,"column":7},"end":{"line":37,"column":1}},"line":28},"2":{"name":"jsonToXml","decl":{"start":{"line":45,"column":7},"end":{"line":48,"column":1}},"loc":{"start":{"line":45,"column":7},"end":{"line":48,"column":1}},"line":45},"3":{"name":"xmlToJson","decl":{"start":{"line":56,"column":7},"end":{"line":59,"column":1}},"loc":{"start":{"line":56,"column":7},"end":{"line":59,"column":1}},"line":56},"4":{"name":"convertData","decl":{"start":{"line":70,"column":7},"end":{"line":84,"column":1}},"loc":{"start":{"line":70,"column":7},"end":{"line":84,"column":1}},"line":70}},"f":{"0":2,"1":2,"2":2,"3":2,"4":5}}
,"/Users/lukecheng/Desktop/All Files/ALL SDEV RELATED/SDEV/BAS/Cloud Application/cicd-test/src/mathUtils.js": {"path":"/Users/lukecheng/Desktop/All Files/ALL SDEV RELATED/SDEV/BAS/Cloud Application/cicd-test/src/mathUtils.js","all":false,"statementMap":{"0":{"start":{"line":1,"column":0},"end":{"line":1,"column":3}},"1":{"start":{"line":2,"column":0},"end":{"line":2,"column":66}},"2":{"start":{"line":3,"column":0},"end":{"line":3,"column":3}},"3":{"start":{"line":4,"column":0},"end":{"line":4,"column":63}},"4":{"start":{"line":5,"column":0},"end":{"line":5,"column":40}},"5":{"start":{"line":6,"column":0},"end":{"line":6,"column":3}},"6":{"start":{"line":7,"column":0},"end":{"line":7,"column":30}},"7":{"start":{"line":8,"column":0},"end":{"line":8,"column":67}},"8":{"start":{"line":9,"column":0},"end":{"line":9,"column":19}},"9":{"start":{"line":10,"column":0},"end":{"line":10,"column":34}},"10":{"start":{"line":11,"column":0},"end":{"line":11,"column":20}},"11":{"start":{"line":12,"column":0},"end":{"line":12,"column":5}},"12":{"start":{"line":13,"column":0},"end":{"line":13,"column":18}},"13":{"start":{"line":14,"column":0},"end":{"line":14,"column":1}},"14":{"start":{"line":15,"column":0},"end":{"line":15,"column":0}},"15":{"start":{"line":16,"column":0},"end":{"line":16,"column":3}},"16":{"start":{"line":17,"column":0},"end":{"line":17,"column":49}},"17":{"start":{"line":18,"column":0},"end":{"line":18,"column":3}},"18":{"start":{"line":19,"column":0},"end":{"line":19,"column":56}},"19":{"start":{"line":20,"column":0},"end":{"line":20,"column":58}},"20":{"start":{"line":21,"column":0},"end":{"line":21,"column":3}},"21":{"start":{"line":22,"column":0},"end":{"line":22,"column":30}},"22":{"start":{"line":23,"column":0},"end":{"line":23,"column":63}},"23":{"start":{"line":24,"column":0},"end":{"line":24,"column":29}},"24":{"start":{"line":25,"column":0},"end":{"line":25,"column":1}},"25":{"start":{"line":26,"column":0},"end":{"line":26,"column":0}},"26":{"start":{"line":27,"column":0},"end":{"line":27,"column":3}},"27":{"start":{"line":28,"column":0},"end":{"line":28,"column":63}},"28":{"start":{"line":29,"column":0},"end":{"line":29,"column":3}},"29":{"start":{"line":30,"column":0},"end":{"line":30,"column":49}},"30":{"start":{"line":31,"column":0},"end":{"line":31,"column":53}},"31":{"start":{"line":32,"column":0},"end":{"line":32,"column":48}},"32":{"start":{"line":33,"column":0},"end":{"line":33,"column":3}},"33":{"start":{"line":34,"column":0},"end":{"line":34,"column":36}},"34":{"start":{"line":35,"column":0},"end":{"line":35,"column":78}},"35":{"start":{"line":36,"column":0},"end":{"line":36,"column":60}},"36":{"start":{"line":37,"column":0},"end":{"line":37,"column":1}},"37":{"start":{"line":38,"column":0},"end":{"line":38,"column":0}},"38":{"start":{"line":39,"column":0},"end":{"line":39,"column":9}},"39":{"start":{"line":40,"column":0},"end":{"line":40,"column":0}},"40":{"start":{"line":41,"column":0},"end":{"line":41,"column":3}},"41":{"start":{"line":42,"column":0},"end":{"line":42,"column":63}},"42":{"start":{"line":43,"column":0},"end":{"line":43,"column":3}},"43":{"start":{"line":44,"column":0},"end":{"line":44,"column":49}},"44":{"start":{"line":45,"column":0},"end":{"line":45,"column":54}},"45":{"start":{"line":46,"column":0},"end":{"line":46,"column":48}},"46":{"start":{"line":47,"column":0},"end":{"line":47,"column":3}},"47":{"start":{"line":48,"column":0},"end":{"line":48,"column":36}},"48":{"start":{"line":49,"column":0},"end":{"line":49,"column":78}},"49":{"start":{"line":50,"column":0},"end":{"line":50,"column":43}},"50":{"start":{"line":51,"column":0},"end":{"line":51,"column":1}},"51":{"start":{"line":52,"column":0},"end":{"line":52,"column":0}},"52":{"start":{"line":53,"column":0},"end":{"line":53,"column":71}}},"s":{"0":1,"1":1,"2":1,"3":1,"4":1,"5":1,"6":1,"7":7,"8":6,"9":7,"10":16,"11":16,"12":6,"13":7,"14":1,"15":1,"16":1,"17":1,"18":1,"19":1,"20":1,"21":1,"22":2,"23":1,"24":2,"25":1,"26":1,"27":1,"28":1,"29":1,"30":1,"31":1,"32":1,"33":1,"34":2,"35":1,"36":2,"37":1,"38":1,"39":1,"40":1,"41":1,"42":1,"43":1,"44":1,"45":1,"46":1,"47":1,"48":2,"49":1,"50":2,"51":1,"52":1},"branchMap":{"0":{"type":"branch","line":1,"loc":{"start":{"line":1,"column":0},"end":{"line":53,"column":71}},"locations":[{"start":{"line":1,"column":0},"end":{"line":53,"column":71}}]},"1":{"type":"branch","line":7,"loc":{"start":{"line":7,"column":7},"end":{"line":14,"column":1}},"locations":[{"start":{"line":7,"column":7},"end":{"line":14,"column":1}}]},"2":{"type":"branch","line":8,"loc":{"start":{"line":8,"column":15},"end":{"line":8,"column":67}},"locations":[{"start":{"line":8,"column":15},"end":{"line":8,"column":67}}]},"3":{"type":"branch","line":9,"loc":{"start":{"line":9,"column":-1},"end":{"line":10,"column":33}},"locations":[{"start":{"line":9,"column":-1},"end":{"line":10,"column":33}}]},"4":{"type":"branch","line":10,"loc":{"start":{"line":10,"column":33},"end":{"line":12,"column":5}},"locations":[{"start":{"line":10,"column":33},"end":{"line":12,"column":5}}]},"5":{"type":"branch","line":13,"loc":{"start":{"line":13,"column":-1},"end":{"line":14,"column":0}},"locations":[{"start":{"line":13,"column":-1},"end":{"line":14,"column":0}}]},"6":{"type":"branch","line":22,"loc":{"start":{"line":22,"column":7},"end":{"line":25,"column":1}},"locations":[{"start":{"line":22,"column":7},"end":{"line":25,"column":1}}]},"7":{"type":"branch","line":23,"loc":{"start":{"line":23,"column":15},"end":{"line":25,"column":0}},"locations":[{"start":{"line":23,"column":15},"end":{"line":25,"column":0}}]},"8":{"type":"branch","line":34,"loc":{"start":{"line":34,"column":7},"end":{"line":37,"column":1}},"locations":[{"start":{"line":34,"column":7},"end":{"line":37,"column":1}}]},"9":{"type":"branch","line":35,"loc":{"start":{"line":35,"column":14},"end":{"line":35,"column":22}},"locations":[{"start":{"line":35,"column":14},"end":{"line":35,"column":22}}]},"10":{"type":"branch","line":35,"loc":{"start":{"line":35,"column":23},"end":{"line":35,"column":31}},"locations":[{"start":{"line":35,"column":23},"end":{"line":35,"column":31}}]},"11":{"type":"branch","line":35,"loc":{"start":{"line":35,"column":33},"end":{"line":37,"column":0}},"locations":[{"start":{"line":35,"column":33},"end":{"line":37,"column":0}}]},"12":{"type":"branch","line":48,"loc":{"start":{"line":48,"column":7},"end":{"line":51,"column":1}},"locations":[{"start":{"line":48,"column":7},"end":{"line":51,"column":1}}]},"13":{"type":"branch","line":49,"loc":{"start":{"line":49,"column":14},"end":{"line":49,"column":22}},"locations":[{"start":{"line":49,"column":14},"end":{"line":49,"column":22}}]},"14":{"type":"branch","line":49,"loc":{"start":{"line":49,"column":23},"end":{"line":49,"column":31}},"locations":[{"start":{"line":49,"column":23},"end":{"line":49,"column":31}}]},"15":{"type":"branch","line":49,"loc":{"start":{"line":49,"column":33},"end":{"line":51,"column":0}},"locations":[{"start":{"line":49,"column":33},"end":{"line":51,"column":0}}]}},"b":{"0":[1],"1":[7],"2":[1],"3":[6],"4":[16],"5":[6],"6":[2],"7":[1],"8":[2],"9":[1],"10":[1],"11":[1],"12":[2],"13":[1],"14":[1],"15":[1]},"fnMap":{"0":{"name":"factorial","decl":{"start":{"line":7,"column":7},"end":{"line":14,"column":1}},"loc":{"start":{"line":7,"column":7},"end":{"line":14,"column":1}},"line":7},"1":{"name":"summation","decl":{"start":{"line":22,"column":7},"end":{"line":25,"column":1}},"loc":{"start":{"line":22,"column":7},"end":{"line":25,"column":1}},"line":22},"2":{"name":"combinations","decl":{"start":{"line":34,"column":7},"end":{"line":37,"column":1}},"loc":{"start":{"line":34,"column":7},"end":{"line":37,"column":1}},"line":34},"3":{"name":"permutations","decl":{"start":{"line":48,"column":7},"end":{"line":51,"column":1}},"loc":{"start":{"line":48,"column":7},"end":{"line":51,"column":1}},"line":48}},"f":{"0":7,"1":2,"2":2,"3":2}}
}
