TN:
SF:src/calculator.js
FN:8,add
FN:19,subtract
FN:30,multiply
FN:42,divide
FNF:4
FNH:4
FNDA:1,add
FNDA:1,subtract
FNDA:1,multiply
FNDA:2,divide
DA:1,1
DA:2,1
DA:3,1
DA:4,1
DA:5,1
DA:6,1
DA:7,1
DA:8,1
DA:9,1
DA:10,1
DA:11,1
DA:12,1
DA:13,1
DA:14,1
DA:15,1
DA:16,1
DA:17,1
DA:18,1
DA:19,1
DA:20,1
DA:21,1
DA:22,1
DA:23,1
DA:24,1
DA:25,1
DA:26,1
DA:27,1
DA:28,1
DA:29,1
DA:30,1
DA:31,1
DA:32,1
DA:33,1
DA:34,1
DA:35,1
DA:36,1
DA:37,1
DA:38,1
DA:39,1
DA:40,1
DA:41,1
DA:42,1
DA:43,2
DA:44,1
DA:45,1
DA:46,1
DA:47,2
DA:48,1
DA:49,1
LF:49
LH:49
BRDA:1,0,0,1
BRDA:8,1,0,1
BRDA:19,2,0,1
BRDA:30,3,0,1
BRDA:42,4,0,2
BRDA:43,5,0,1
BRF:6
BRH:6
end_of_record
TN:
SF:src/dataConverter.js
FN:9,jsonToCsv
FN:28,csvToJson
FN:45,jsonToXml
FN:56,xmlToJson
FN:70,convertData
FNF:5
FNH:5
FNDA:2,jsonToCsv
FNDA:2,csvToJson
FNDA:2,jsonToXml
FNDA:2,xmlToJson
FNDA:5,convertData
DA:1,1
DA:2,1
DA:3,1
DA:4,1
DA:5,1
DA:6,1
DA:7,1
DA:8,1
DA:9,1
DA:10,2
DA:11,2
DA:12,2
DA:13,2
DA:14,2
DA:15,4
DA:16,4
DA:17,2
DA:18,2
DA:19,2
DA:20,2
DA:21,1
DA:22,1
DA:23,1
DA:24,1
DA:25,1
DA:26,1
DA:27,1
DA:28,1
DA:29,2
DA:30,2
DA:31,2
DA:32,4
DA:33,8
DA:34,8
DA:35,4
DA:36,2
DA:37,2
DA:38,1
DA:39,1
DA:40,1
DA:41,1
DA:42,1
DA:43,1
DA:44,1
DA:45,1
DA:46,2
DA:47,2
DA:48,2
DA:49,1
DA:50,1
DA:51,1
DA:52,1
DA:53,1
DA:54,1
DA:55,1
DA:56,1
DA:57,2
DA:58,2
DA:59,2
DA:60,1
DA:61,1
DA:62,1
DA:63,1
DA:64,1
DA:65,1
DA:66,1
DA:67,1
DA:68,1
DA:69,1
DA:70,1
DA:71,5
DA:72,1
DA:73,1
DA:74,5
DA:75,1
DA:76,1
DA:77,5
DA:78,1
DA:79,1
DA:80,5
DA:81,1
DA:82,1
DA:83,1
DA:84,5
DA:85,1
DA:86,1
LF:86
LH:86
BRDA:1,0,0,1
BRDA:9,1,0,2
BRDA:10,2,0,0
BRDA:14,3,0,4
BRDA:14,4,0,8
BRDA:14,5,0,0
BRDA:28,6,0,2
BRDA:29,7,0,6
BRDA:31,8,0,4
BRDA:32,9,0,8
BRDA:45,10,0,2
BRDA:56,11,0,2
BRDA:70,12,0,5
BRDA:71,13,0,1
BRDA:71,14,0,1
BRDA:74,15,0,4
BRDA:74,16,0,2
BRDA:74,17,0,1
BRDA:77,18,0,3
BRDA:77,19,0,1
BRDA:77,20,0,1
BRDA:80,21,0,2
BRDA:80,22,0,1
BRDA:80,23,0,1
BRF:24
BRH:22
end_of_record
TN:
SF:src/mathUtils.js
FN:7,factorial
FN:22,summation
FN:34,combinations
FN:48,permutations
FNF:4
FNH:4
FNDA:7,factorial
FNDA:2,summation
FNDA:2,combinations
FNDA:2,permutations
DA:1,1
DA:2,1
DA:3,1
DA:4,1
DA:5,1
DA:6,1
DA:7,1
DA:8,7
DA:9,6
DA:10,7
DA:11,16
DA:12,16
DA:13,6
DA:14,7
DA:15,1
DA:16,1
DA:17,1
DA:18,1
DA:19,1
DA:20,1
DA:21,1
DA:22,1
DA:23,2
DA:24,1
DA:25,2
DA:26,1
DA:27,1
DA:28,1
DA:29,1
DA:30,1
DA:31,1
DA:32,1
DA:33,1
DA:34,1
DA:35,2
DA:36,1
DA:37,2
DA:38,1
DA:39,1
DA:40,1
DA:41,1
DA:42,1
DA:43,1
DA:44,1
DA:45,1
DA:46,1
DA:47,1
DA:48,1
DA:49,2
DA:50,1
DA:51,2
DA:52,1
DA:53,1
LF:53
LH:53
BRDA:1,0,0,1
BRDA:7,1,0,7
BRDA:8,2,0,1
BRDA:9,3,0,6
BRDA:10,4,0,16
BRDA:13,5,0,6
BRDA:22,6,0,2
BRDA:23,7,0,1
BRDA:34,8,0,2
BRDA:35,9,0,1
BRDA:35,10,0,1
BRDA:35,11,0,1
BRDA:48,12,0,2
BRDA:49,13,0,1
BRDA:49,14,0,1
BRDA:49,15,0,1
BRF:16
BRH:16
end_of_record
